SERVER - 2020-10-09 19:55:25,487 - RECEBIMENTO | TIPO: T2 (HANDSHAKE) | TAMANHO: 14
SERVER - 2020-10-09 19:55:25,548 - ENVIO | TIPO: T2 (CONF HANDSHAKE) | TAMANHO TOTAL: 14
SERVER - 2020-10-09 19:55:25,594 - RECEBIMENTO | TIPO: T5 | 
SERVER - 2020-10-09 19:55:26,286 - ENVIO | TIPO: T4| TAMANHO TOTAL: 14
SERVER - 2020-10-09 19:55:26,349 - RECEBIMENTO | TIPO: T5 | 
SERVER - 2020-10-09 19:55:31,491 - ENVIO | TIPO: T5 (TIMEOUT 20s) | ENCERRANDO COMs
SERVER - 2020-10-09 19:56:16,789 - RECEBIMENTO | TIPO: T2 (HANDSHAKE) | TAMANHO: 14
SERVER - 2020-10-09 19:56:16,852 - ENVIO | TIPO: T2 (CONF HANDSHAKE) | TAMANHO TOTAL: 14
SERVER - 2020-10-09 19:56:16,947 - RECEBIMENTO | TIPO: T5 | 
SERVER - 2020-10-09 19:56:17,563 - ENVIO | TIPO: T4| TAMANHO TOTAL: 14
SERVER - 2020-10-09 19:56:17,595 - RECEBIMENTO | TIPO: T5 | 
SERVER - 2020-10-09 19:56:18,131 - ENVIO | TIPO: T4| TAMANHO TOTAL: 14
SERVER - 2020-10-09 19:56:18,162 - RECEBIMENTO | TIPO: T5 | 
SERVER - 2020-10-09 19:56:18,826 - ENVIO | TIPO: T4| TAMANHO TOTAL: 14
SERVER - 2020-10-09 19:56:18,858 - RECEBIMENTO | TIPO: T5 | 
SERVER - 2020-10-09 19:56:19,488 - ENVIO | TIPO: T4| TAMANHO TOTAL: 14
SERVER - 2020-10-09 19:56:19,520 - RECEBIMENTO | TIPO: T5 | 
SERVER - 2020-10-09 19:56:20,232 - ENVIO | TIPO: T4| TAMANHO TOTAL: 14
SERVER - 2020-10-09 19:56:20,280 - RECEBIMENTO | TIPO: T5 | 
SERVER - 2020-10-09 19:56:25,405 - ENVIO | TIPO: T5 (TIMEOUT 20s) | ENCERRANDO COMs
SERVER - 2020-10-09 19:59:07,839 - RECEBIMENTO | TIPO: T2 (HANDSHAKE) | TAMANHO: 14
SERVER - 2020-10-09 19:59:07,935 - ENVIO | TIPO: T2 (CONF HANDSHAKE) | TAMANHO TOTAL: 14
SERVER - 2020-10-09 19:59:07,999 - RECEBIMENTO | TIPO: T5 | 
SERVER - 2020-10-09 19:59:08,585 - ENVIO | TIPO: T4| TAMANHO TOTAL: 14
SERVER - 2020-10-09 19:59:08,615 - RECEBIMENTO | TIPO: T5 | 
SERVER - 2020-10-09 19:59:09,371 - ENVIO | TIPO: T4| TAMANHO TOTAL: 14
SERVER - 2020-10-09 19:59:09,419 - RECEBIMENTO | TIPO: T5 | 
SERVER - 2020-10-09 19:59:10,053 - ENVIO | TIPO: T4| TAMANHO TOTAL: 14
SERVER - 2020-10-09 19:59:10,085 - RECEBIMENTO | TIPO: T5 | 
SERVER - 2020-10-09 19:59:10,701 - ENVIO | TIPO: T4| TAMANHO TOTAL: 14
SERVER - 2020-10-09 19:59:10,877 - RECEBIMENTO | TIPO: T5 | 
SERVER - 2020-10-09 19:59:11,287 - ENVIO | TIPO: T4| TAMANHO TOTAL: 14
SERVER - 2020-10-09 19:59:11,319 - RECEBIMENTO | TIPO: T5 | 
SERVER - 2020-10-09 19:59:16,457 - ENVIO | TIPO: T5 (TIMEOUT 20s) | ENCERRANDO COMs
SERVER - 2020-10-09 20:00:31,115 - RECEBIMENTO | TIPO: T2 (HANDSHAKE) | TAMANHO: 14
SERVER - 2020-10-09 20:00:31,178 - ENVIO | TIPO: T2 (CONF HANDSHAKE) | TAMANHO TOTAL: 14
SERVER - 2020-10-09 20:00:31,321 - RECEBIMENTO | TIPO: T5 | 
SERVER - 2020-10-09 20:00:31,860 - ENVIO | TIPO: T4| TAMANHO TOTAL: 14
SERVER - 2020-10-09 20:00:31,891 - RECEBIMENTO | TIPO: T5 | 
SERVER - 2020-10-09 20:00:32,585 - ENVIO | TIPO: T4| TAMANHO TOTAL: 14
SERVER - 2020-10-09 20:00:32,616 - RECEBIMENTO | TIPO: T5 | 
SERVER - 2020-10-09 20:00:33,278 - ENVIO | TIPO: T4| TAMANHO TOTAL: 14
SERVER - 2020-10-09 20:00:33,326 - RECEBIMENTO | TIPO: T5 | 
SERVER - 2020-10-09 20:00:34,160 - ENVIO | TIPO: T4| TAMANHO TOTAL: 14
SERVER - 2020-10-09 20:00:34,223 - RECEBIMENTO | TIPO: T5 | 
SERVER - 2020-10-09 20:00:34,933 - ENVIO | TIPO: T4| TAMANHO TOTAL: 14
SERVER - 2020-10-09 20:00:34,965 - RECEBIMENTO | TIPO: T5 | 
SERVER - 2020-10-09 20:00:40,079 - ENVIO | TIPO: T5 (TIMEOUT 20s) | ENCERRANDO COMs
SERVER - 2020-10-09 20:01:35,804 - RECEBIMENTO | TIPO: T2 (HANDSHAKE) | TAMANHO: 14
SERVER - 2020-10-09 20:01:35,899 - ENVIO | TIPO: T2 (CONF HANDSHAKE) | TAMANHO TOTAL: 14
SERVER - 2020-10-09 20:01:35,976 - RECEBIMENTO | TIPO: T5 | 
SERVER - 2020-10-09 20:01:36,652 - ENVIO | TIPO: T4| TAMANHO TOTAL: 14
SERVER - 2020-10-09 20:01:36,699 - RECEBIMENTO | TIPO: T5 | 
SERVER - 2020-10-09 20:01:37,532 - ENVIO | TIPO: T4| TAMANHO TOTAL: 14
SERVER - 2020-10-09 20:01:37,548 - RECEBIMENTO | TIPO: T5 | 
SERVER - 2020-10-09 20:01:38,035 - ENVIO | TIPO: T4| TAMANHO TOTAL: 14
SERVER - 2020-10-09 20:01:38,067 - RECEBIMENTO | TIPO: T5 | 
SERVER - 2020-10-09 20:01:38,905 - ENVIO | TIPO: T4| TAMANHO TOTAL: 14
SERVER - 2020-10-09 20:01:38,935 - RECEBIMENTO | TIPO: T5 | 
SERVER - 2020-10-09 20:01:39,580 - ENVIO | TIPO: T4| TAMANHO TOTAL: 14
SERVER - 2020-10-09 20:01:39,612 - RECEBIMENTO | TIPO: T5 | 
SERVER - 2020-10-09 20:01:39,961 - ENVIO | TIPO: T4| TAMANHO TOTAL: 14
SERVER - 2020-10-09 20:01:40,151 - RECEBIMENTO | TIPO: T5 | 
SERVER - 2020-10-09 20:01:45,253 - ENVIO | TIPO: T5 (TIMEOUT 20s) | ENCERRANDO COMs
SERVER - 2020-10-09 20:04:34,000 - RECEBIMENTO | TIPO: T2 (HANDSHAKE) | TAMANHO: 14
SERVER - 2020-10-09 20:04:34,064 - ENVIO | TIPO: T2 (CONF HANDSHAKE) | TAMANHO TOTAL: 14
SERVER - 2020-10-09 20:04:34,173 - RECEBIMENTO | TIPO: T5 | 
SERVER - 2020-10-09 20:04:34,931 - ENVIO | TIPO: T4| TAMANHO TOTAL: 14
SERVER - 2020-10-09 20:04:34,994 - RECEBIMENTO | TIPO: T5 | 
SERVER - 2020-10-09 20:04:35,625 - ENVIO | TIPO: T4| TAMANHO TOTAL: 14
SERVER - 2020-10-09 20:04:35,673 - RECEBIMENTO | TIPO: T5 | 
SERVER - 2020-10-09 20:04:36,273 - ENVIO | TIPO: T4| TAMANHO TOTAL: 14
SERVER - 2020-10-09 20:04:36,289 - RECEBIMENTO | TIPO: T5 | 
SERVER - 2020-10-09 20:04:36,969 - ENVIO | TIPO: T4| TAMANHO TOTAL: 14
SERVER - 2020-10-09 20:04:37,000 - RECEBIMENTO | TIPO: T5 | 
SERVER - 2020-10-09 20:04:37,646 - ENVIO | TIPO: T4| TAMANHO TOTAL: 14
SERVER - 2020-10-09 20:04:37,693 - RECEBIMENTO | TIPO: T5 | 
SERVER - 2020-10-09 20:04:38,303 - ENVIO | TIPO: T4| TAMANHO TOTAL: 14
SERVER - 2020-10-09 20:04:38,366 - RECEBIMENTO | TIPO: T5 | 
SERVER - 2020-10-09 20:04:43,534 - ENVIO | TIPO: T5 (TIMEOUT 20s) | ENCERRANDO COMs
SERVER - 2020-10-09 20:05:09,483 - RECEBIMENTO | TIPO: T2 (HANDSHAKE) | TAMANHO: 14
SERVER - 2020-10-09 20:05:09,546 - ENVIO | TIPO: T2 (CONF HANDSHAKE) | TAMANHO TOTAL: 14
SERVER - 2020-10-09 20:05:09,642 - RECEBIMENTO | TIPO: T5 | 
SERVER - 2020-10-09 20:05:10,336 - ENVIO | TIPO: T4| TAMANHO TOTAL: 14
SERVER - 2020-10-09 20:05:10,368 - RECEBIMENTO | TIPO: T5 | 
SERVER - 2020-10-09 20:05:10,814 - ENVIO | TIPO: T4| TAMANHO TOTAL: 14
SERVER - 2020-10-09 20:05:10,986 - RECEBIMENTO | TIPO: T5 | 
SERVER - 2020-10-09 20:05:11,540 - ENVIO | TIPO: T4| TAMANHO TOTAL: 14
SERVER - 2020-10-09 20:05:11,587 - RECEBIMENTO | TIPO: T5 | 
SERVER - 2020-10-09 20:05:12,233 - ENVIO | TIPO: T4| TAMANHO TOTAL: 14
SERVER - 2020-10-09 20:05:12,296 - RECEBIMENTO | TIPO: T5 | 
SERVER - 2020-10-09 20:05:12,921 - ENVIO | TIPO: T4| TAMANHO TOTAL: 14
SERVER - 2020-10-09 20:05:12,953 - RECEBIMENTO | TIPO: T5 | 
SERVER - 2020-10-09 20:05:13,468 - ENVIO | TIPO: T4| TAMANHO TOTAL: 14
SERVER - 2020-10-09 20:05:13,516 - RECEBIMENTO | TIPO: T5 | 
SERVER - 2020-10-09 20:05:18,625 - ENVIO | TIPO: T5 (TIMEOUT 20s) | ENCERRANDO COMs
SERVER - 2020-10-09 20:06:51,976 - RECEBIMENTO | TIPO: T2 (HANDSHAKE) | TAMANHO: 14
SERVER - 2020-10-09 20:06:52,069 - ENVIO | TIPO: T2 (CONF HANDSHAKE) | TAMANHO TOTAL: 14
SERVER - 2020-10-09 20:06:52,132 - RECEBIMENTO | TIPO: T5 | 
SERVER - 2020-10-09 20:06:52,700 - ENVIO | TIPO: T4| TAMANHO TOTAL: 14
SERVER - 2020-10-09 20:06:52,748 - RECEBIMENTO | TIPO: T5 | 
SERVER - 2020-10-09 20:06:53,521 - ENVIO | TIPO: T4| TAMANHO TOTAL: 14
SERVER - 2020-10-09 20:06:53,569 - RECEBIMENTO | TIPO: T5 | 
SERVER - 2020-10-09 20:06:54,216 - ENVIO | TIPO: T4| TAMANHO TOTAL: 14
SERVER - 2020-10-09 20:06:54,248 - RECEBIMENTO | TIPO: T5 | 
SERVER - 2020-10-09 20:06:54,768 - ENVIO | TIPO: T4| TAMANHO TOTAL: 14
SERVER - 2020-10-09 20:06:54,784 - RECEBIMENTO | TIPO: T5 | 
SERVER - 2020-10-09 20:06:55,479 - ENVIO | TIPO: T4| TAMANHO TOTAL: 14
SERVER - 2020-10-09 20:06:55,527 - RECEBIMENTO | TIPO: T5 | 
SERVER - 2020-10-09 20:06:56,158 - ENVIO | TIPO: T4| TAMANHO TOTAL: 14
SERVER - 2020-10-09 20:06:56,205 - RECEBIMENTO | TIPO: T5 | 
SERVER - 2020-10-09 20:07:01,317 - ENVIO | TIPO: T5 (TIMEOUT 20s) | ENCERRANDO COMs
SERVER - 2020-10-09 20:07:57,458 - RECEBIMENTO | TIPO: T2 (HANDSHAKE) | TAMANHO: 14
SERVER - 2020-10-09 20:07:57,520 - ENVIO | TIPO: T2 (CONF HANDSHAKE) | TAMANHO TOTAL: 14
SERVER - 2020-10-09 20:07:57,600 - RECEBIMENTO | TIPO: T5 | 
SERVER - 2020-10-09 20:07:58,240 - ENVIO | TIPO: T4| TAMANHO TOTAL: 14
SERVER - 2020-10-09 20:07:58,287 - RECEBIMENTO | TIPO: T5 | 
SERVER - 2020-10-09 20:07:58,930 - ENVIO | TIPO: T4| TAMANHO TOTAL: 14
SERVER - 2020-10-09 20:07:58,993 - RECEBIMENTO | TIPO: T5 | 
SERVER - 2020-10-09 20:07:59,626 - ENVIO | TIPO: T4| TAMANHO TOTAL: 14
SERVER - 2020-10-09 20:07:59,688 - RECEBIMENTO | TIPO: T5 | 
SERVER - 2020-10-09 20:08:00,521 - ENVIO | TIPO: T4| TAMANHO TOTAL: 14
SERVER - 2020-10-09 20:08:00,584 - RECEBIMENTO | TIPO: T5 | 
SERVER - 2020-10-09 20:08:01,178 - ENVIO | TIPO: T4| TAMANHO TOTAL: 14
SERVER - 2020-10-09 20:08:01,210 - RECEBIMENTO | TIPO: T5 | 
SERVER - 2020-10-09 20:08:01,777 - ENVIO | TIPO: T4| TAMANHO TOTAL: 14
SERVER - 2020-10-09 20:08:01,825 - RECEBIMENTO | TIPO: T5 | 
SERVER - 2020-10-09 20:08:06,913 - ENVIO | TIPO: T5 (TIMEOUT 20s) | ENCERRANDO COMs
SERVER - 2020-10-09 20:09:16,758 - RECEBIMENTO | TIPO: T2 (HANDSHAKE) | TAMANHO: 14
SERVER - 2020-10-09 20:09:16,821 - ENVIO | TIPO: T2 (CONF HANDSHAKE) | TAMANHO TOTAL: 14
SERVER - 2020-10-09 20:09:16,915 - RECEBIMENTO | TIPO: T5 | 
SERVER - 2020-10-09 20:09:17,612 - ENVIO | TIPO: T4| TAMANHO TOTAL: 14
SERVER - 2020-10-09 20:09:17,660 - RECEBIMENTO | TIPO: T5 | 
SERVER - 2020-10-09 20:09:18,356 - ENVIO | TIPO: T4| TAMANHO TOTAL: 14
SERVER - 2020-10-09 20:09:18,420 - RECEBIMENTO | TIPO: T5 | 
SERVER - 2020-10-09 20:09:19,049 - ENVIO | TIPO: T4| TAMANHO TOTAL: 14
SERVER - 2020-10-09 20:09:19,112 - RECEBIMENTO | TIPO: T5 | 
SERVER - 2020-10-09 20:09:19,945 - ENVIO | TIPO: T4| TAMANHO TOTAL: 14
SERVER - 2020-10-09 20:09:20,008 - RECEBIMENTO | TIPO: T5 | 
SERVER - 2020-10-09 20:09:20,575 - ENVIO | TIPO: T4| TAMANHO TOTAL: 14
SERVER - 2020-10-09 20:09:20,654 - RECEBIMENTO | TIPO: T5 | 
SERVER - 2020-10-09 20:09:21,142 - ENVIO | TIPO: T4| TAMANHO TOTAL: 14
SERVER - 2020-10-09 20:09:21,189 - RECEBIMENTO | TIPO: T5 | 
SERVER - 2020-10-09 20:09:26,356 - ENVIO | TIPO: T5 (TIMEOUT 20s) | ENCERRANDO COMs
SERVER - 2020-10-09 20:12:15,600 - RECEBIMENTO | TIPO: T2 (HANDSHAKE) | TAMANHO: 14
SERVER - 2020-10-09 20:12:15,663 - ENVIO | TIPO: T2 (CONF HANDSHAKE) | TAMANHO TOTAL: 14
SERVER - 2020-10-09 20:12:15,742 - RECEBIMENTO | TIPO: T5 | 
SERVER - 2020-10-09 20:12:16,485 - ENVIO | TIPO: T4| TAMANHO TOTAL: 14
SERVER - 2020-10-09 20:12:16,531 - RECEBIMENTO | TIPO: T5 | 
SERVER - 2020-10-09 20:12:17,256 - ENVIO | TIPO: T4| TAMANHO TOTAL: 14
SERVER - 2020-10-09 20:12:17,415 - RECEBIMENTO | TIPO: T5 | 
SERVER - 2020-10-09 20:12:17,900 - ENVIO | TIPO: T4| TAMANHO TOTAL: 14
SERVER - 2020-10-09 20:12:17,964 - RECEBIMENTO | TIPO: T5 | 
SERVER - 2020-10-09 20:12:18,706 - ENVIO | TIPO: T4| TAMANHO TOTAL: 14
SERVER - 2020-10-09 20:12:18,769 - RECEBIMENTO | TIPO: T5 | 
SERVER - 2020-10-09 20:12:19,385 - ENVIO | TIPO: T4| TAMANHO TOTAL: 14
SERVER - 2020-10-09 20:12:19,480 - RECEBIMENTO | TIPO: T5 | 
SERVER - 2020-10-09 20:12:20,080 - ENVIO | TIPO: T4| TAMANHO TOTAL: 14
SERVER - 2020-10-09 20:12:20,144 - RECEBIMENTO | TIPO: T5 | 
SERVER - 2020-10-09 20:12:25,260 - ENVIO | TIPO: T5 (TIMEOUT 20s) | ENCERRANDO COMs
SERVER - 2020-10-09 20:12:43,527 - RECEBIMENTO | TIPO: T2 (HANDSHAKE) | TAMANHO: 14
SERVER - 2020-10-09 20:12:43,623 - ENVIO | TIPO: T2 (CONF HANDSHAKE) | TAMANHO TOTAL: 14
SERVER - 2020-10-09 20:12:43,749 - RECEBIMENTO | TIPO: T5 | 
SERVER - 2020-10-09 20:12:44,236 - ENVIO | TIPO: T4| TAMANHO TOTAL: 14
SERVER - 2020-10-09 20:12:44,283 - RECEBIMENTO | TIPO: T5 | 
SERVER - 2020-10-09 20:12:44,898 - ENVIO | TIPO: T4| TAMANHO TOTAL: 14
SERVER - 2020-10-09 20:12:44,994 - RECEBIMENTO | TIPO: T5 | 
SERVER - 2020-10-09 20:12:45,578 - ENVIO | TIPO: T4| TAMANHO TOTAL: 14
SERVER - 2020-10-09 20:12:45,641 - RECEBIMENTO | TIPO: T5 | 
SERVER - 2020-10-09 20:12:46,299 - ENVIO | TIPO: T4| TAMANHO TOTAL: 14
SERVER - 2020-10-09 20:12:46,362 - RECEBIMENTO | TIPO: T5 | 
SERVER - 2020-10-09 20:12:46,948 - ENVIO | TIPO: T4| TAMANHO TOTAL: 14
SERVER - 2020-10-09 20:12:47,044 - RECEBIMENTO | TIPO: T5 | 
SERVER - 2020-10-09 20:12:47,693 - ENVIO | TIPO: T4| TAMANHO TOTAL: 14
SERVER - 2020-10-09 20:13:47,894 - RECEBIMENTO | TIPO: T2 (HANDSHAKE) | TAMANHO: 14
SERVER - 2020-10-09 20:13:47,958 - ENVIO | TIPO: T2 (CONF HANDSHAKE) | TAMANHO TOTAL: 14
SERVER - 2020-10-09 20:13:48,036 - RECEBIMENTO | TIPO: T5 | 
SERVER - 2020-10-09 20:13:48,719 - ENVIO | TIPO: T4| TAMANHO TOTAL: 14
SERVER - 2020-10-09 20:13:48,751 - RECEBIMENTO | TIPO: T5 | 
SERVER - 2020-10-09 20:13:49,408 - ENVIO | TIPO: T4| TAMANHO TOTAL: 14
SERVER - 2020-10-09 20:13:49,470 - RECEBIMENTO | TIPO: T5 | 
SERVER - 2020-10-09 20:13:50,135 - ENVIO | TIPO: T4| TAMANHO TOTAL: 14
SERVER - 2020-10-09 20:13:50,182 - RECEBIMENTO | TIPO: T5 | 
SERVER - 2020-10-09 20:13:50,815 - ENVIO | TIPO: T4| TAMANHO TOTAL: 14
SERVER - 2020-10-09 20:13:50,879 - RECEBIMENTO | TIPO: T5 | 
SERVER - 2020-10-09 20:13:51,447 - ENVIO | TIPO: T4| TAMANHO TOTAL: 14
SERVER - 2020-10-09 20:13:51,511 - RECEBIMENTO | TIPO: T5 | 
SERVER - 2020-10-09 20:13:52,129 - ENVIO | TIPO: T4| TAMANHO TOTAL: 14
SERVER - 2020-10-09 20:14:39,543 - RECEBIMENTO | TIPO: T2 (HANDSHAKE) | TAMANHO: 14
SERVER - 2020-10-09 20:14:39,606 - ENVIO | TIPO: T2 (CONF HANDSHAKE) | TAMANHO TOTAL: 14
SERVER - 2020-10-09 21:07:38,449 - RECEBIMENTO | TIPO: T2 (HANDSHAKE) | TAMANHO: 14
SERVER - 2020-10-09 21:07:38,526 - ENVIO | TIPO: T2 (CONF HANDSHAKE) | TAMANHO TOTAL: 14
SERVER - 2020-10-09 21:08:56,746 - RECEBIMENTO | TIPO: T2 (HANDSHAKE) | TAMANHO: 14
SERVER - 2020-10-09 21:08:56,856 - ENVIO | TIPO: T2 (CONF HANDSHAKE) | TAMANHO TOTAL: 14
SERVER - 2020-10-09 21:08:56,935 - RECEBIMENTO | TIPO: T5 | 
SERVER - 2020-10-09 21:08:57,467 - ENVIO | TIPO: T4| TAMANHO TOTAL: 14
SERVER - 2020-10-09 21:08:57,561 - RECEBIMENTO | TIPO: T5 | 
SERVER - 2020-10-09 21:08:58,030 - ENVIO | TIPO: T4| TAMANHO TOTAL: 14
SERVER - 2020-10-09 21:08:58,076 - RECEBIMENTO | TIPO: T5 | 
SERVER - 2020-10-09 21:08:58,640 - ENVIO | TIPO: T4| TAMANHO TOTAL: 14
SERVER - 2020-10-09 21:08:58,704 - RECEBIMENTO | TIPO: T5 | 
SERVER - 2020-10-09 21:08:59,330 - ENVIO | TIPO: T4| TAMANHO TOTAL: 14
SERVER - 2020-10-09 21:08:59,409 - RECEBIMENTO | TIPO: T5 | 
SERVER - 2020-10-09 21:09:00,017 - ENVIO | TIPO: T4| TAMANHO TOTAL: 14
SERVER - 2020-10-09 21:09:00,250 - RECEBIMENTO | TIPO: T5 | 
SERVER - 2020-10-09 21:09:00,516 - ENVIO | TIPO: T4| TAMANHO TOTAL: 14
SERVER - 2020-10-09 21:09:00,563 - RECEBIMENTO | TIPO: T5 | 
SERVER - 2020-10-09 21:09:05,681 - ENVIO | TIPO: T5 (TIMEOUT 20s) | ENCERRANDO COMs
SERVER - 2020-10-09 21:31:56,868 - RECEBIMENTO | TIPO: T2 (HANDSHAKE) | TAMANHO: 14
SERVER - 2020-10-09 21:31:56,962 - ENVIO | TIPO: T2 (CONF HANDSHAKE) | TAMANHO TOTAL: 14
SERVER - 2020-10-09 21:31:57,101 - RECEBIMENTO | TIPO: T5 | 
SERVER - 2020-10-09 21:31:57,581 - ENVIO | TIPO: T4| TAMANHO TOTAL: 14
SERVER - 2020-10-09 21:31:57,642 - RECEBIMENTO | TIPO: T5 | 
SERVER - 2020-10-09 21:31:58,392 - ENVIO | TIPO: T4| TAMANHO TOTAL: 14
SERVER - 2020-10-09 21:31:58,455 - RECEBIMENTO | TIPO: T5 | 
SERVER - 2020-10-09 21:31:58,994 - ENVIO | TIPO: T4| TAMANHO TOTAL: 14
SERVER - 2020-10-09 21:31:59,057 - RECEBIMENTO | TIPO: T5 | 
SERVER - 2020-10-09 21:31:59,771 - ENVIO | TIPO: T4| TAMANHO TOTAL: 14
SERVER - 2020-10-09 21:31:59,834 - RECEBIMENTO | TIPO: T5 | 
SERVER - 2020-10-09 21:32:00,569 - ENVIO | TIPO: T4| TAMANHO TOTAL: 14
SERVER - 2020-10-09 21:32:00,632 - RECEBIMENTO | TIPO: T5 | 
SERVER - 2020-10-09 21:32:01,039 - ENVIO | TIPO: T4| TAMANHO TOTAL: 14
